[0411/175818.954:ERROR:process_memory_win.cc(73)] ReadMemory at 0x7ff7fd710000 of 64 bytes failed: Only part of a ReadProcessMemory or WriteProcessMemory request was completed. (0x12B)
[0411/175819.742:WARNING:pe_image_reader.cc(340)] could not read dos header from C:\Program Files (x86)\Google\Chrome\Application\chrome.exe
[0411/175819.742:ERROR:process_memory_win.cc(73)] ReadMemory at 0x7ffc174c0000 of 64 bytes failed: Only part of a ReadProcessMemory or WriteProcessMemory request was completed. (0x12B)
[0411/175819.742:WARNING:pe_image_reader.cc(340)] could not read dos header from C:\WINDOWS\SYSTEM32\ntdll.dll
[0411/175819.742:ERROR:process_memory_win.cc(73)] ReadMemory at 0x7ffc15d60000 of 64 bytes failed: Only part of a ReadProcessMemory or WriteProcessMemory request was completed. (0x12B)
[0411/175819.762:WARNING:pe_image_reader.cc(340)] could not read dos header from C:\WINDOWS\System32\KERNEL32.DLL
[0411/175819.762:ERROR:process_memory_win.cc(73)] ReadMemory at 0x7ffc15210000 of 64 bytes failed: Only part of a ReadProcessMemory or WriteProcessMemory request was completed. (0x12B)
[0411/175819.762:WARNING:pe_image_reader.cc(340)] could not read dos header from C:\WINDOWS\System32\KERNELBASE.dll
[0411/175819.762:ERROR:process_memory_win.cc(73)] ReadMemory at 0x7ffbec460000 of 64 bytes failed: Only part of a ReadProcessMemory or WriteProcessMemory request was completed. (0x12B)
[0411/175819.762:WARNING:pe_image_reader.cc(340)] could not read dos header from C:\Program Files (x86)\Google\Chrome\Application\80.0.3987.163\chrome_elf.dll
[0411/175819.762:ERROR:process_memory_win.cc(73)] ReadMemory at 0x7ffc0c840000 of 64 bytes failed: Only part of a ReadProcessMemory or WriteProcessMemory request was completed. (0x12B)
[0411/175819.762:WARNING:pe_image_reader.cc(340)] could not read dos header from C:\WINDOWS\SYSTEM32\VERSION.dll
[0411/175819.762:ERROR:process_memory_win.cc(73)] ReadMemory at 0x7ffc16790000 of 64 bytes failed: Only part of a ReadProcessMemory or WriteProcessMemory request was completed. (0x12B)
[0411/175819.762:WARNING:pe_image_reader.cc(340)] could not read dos header from C:\WINDOWS\System32\msvcrt.dll
[0411/175819.762:ERROR:process_memory_win.cc(73)] ReadMemory at 0x7ffc154f0000 of 64 bytes failed: Only part of a ReadProcessMemory or WriteProcessMemory request was completed. (0x12B)
[0411/175819.762:WARNING:pe_image_reader.cc(340)] could not read dos header from C:\WINDOWS\System32\bcryptPrimitives.dll
[0411/175819.762:ERROR:process_memory_win.cc(73)] ReadMemory at 0x1a5a9080000 of 64 bytes failed: Only part of a ReadProcessMemory or WriteProcessMemory request was completed. (0x12B)
[0411/175819.762:WARNING:pe_image_reader.cc(340)] could not read dos header from C:\WINDOWS\System32\ADVAPI32.dll
[0411/175819.762:ERROR:process_memory_win.cc(73)] ReadMemory at 0x7ffc16bc0000 of 64 bytes failed: Only part of a ReadProcessMemory or WriteProcessMemory request was completed. (0x12B)
[0411/175819.762:WARNING:pe_image_reader.cc(340)] could not read dos header from C:\WINDOWS\System32\sechost.dll
[0411/175819.762:ERROR:process_memory_win.cc(73)] ReadMemory at 0x7ffc16830000 of 64 bytes failed: Only part of a ReadProcessMemory or WriteProcessMemory request was completed. (0x12B)
[0411/175819.762:WARNING:pe_image_reader.cc(340)] could not read dos header from C:\WINDOWS\System32\RPCRT4.dll
[0411/175819.762:ERROR:process_memory_win.cc(73)] ReadMemory at 0x7ffbc1580000 of 64 bytes failed: Only part of a ReadProcessMemory or WriteProcessMemory request was completed. (0x12B)
[0411/175819.762:WARNING:pe_image_reader.cc(340)] could not read dos header from C:\Program Files (x86)\Google\Chrome\Application\80.0.3987.163\chrome.dll
[0411/175819.762:ERROR:process_memory_win.cc(73)] ReadMemory at 0x7ffc166f0000 of 64 bytes failed: Only part of a ReadProcessMemory or WriteProcessMemory request was completed. (0x12B)
[0411/175819.762:WARNING:pe_image_reader.cc(340)] could not read dos header from C:\WINDOWS\System32\WS2_32.dll
[0411/175819.762:ERROR:process_memory_win.cc(73)] ReadMemory at 0x7ffc16950000 of 64 bytes failed: Only part of a ReadProcessMemory or WriteProcessMemory request was completed. (0x12B)
[0411/175819.762:WARNING:pe_image_reader.cc(340)] could not read dos header from C:\WINDOWS\System32\OLEAUT32.dll
[0411/175819.762:ERROR:process_memory_win.cc(73)] ReadMemory at 0x7ffc14450000 of 64 bytes failed: Only part of a ReadProcessMemory or WriteProcessMemory request was completed. (0x12B)
[0411/175819.762:WARNING:pe_image_reader.cc(340)] could not read dos header from C:\WINDOWS\System32\msvcp_win.dll
[0411/175819.762:ERROR:process_memory_win.cc(73)] ReadMemory at 0x7ffc14790000 of 64 bytes failed: Only part of a ReadProcessMemory or WriteProcessMemory request was completed. (0x12B)
[0411/175819.762:WARNING:pe_image_reader.cc(340)] could not read dos header from C:\WINDOWS\System32\ucrtbase.dll
[0411/175819.762:ERROR:process_memory_win.cc(73)] ReadMemory at 0x7ffc16c60000 of 64 bytes failed: Only part of a ReadProcessMemory or WriteProcessMemory request was completed. (0x12B)
[0411/175819.762:WARNING:pe_image_reader.cc(340)] could not read dos header from C:\WINDOWS\System32\combase.dll
[0411/175819.762:ERROR:process_memory_win.cc(73)] ReadMemory at 0x7ffc151b0000 of 64 bytes failed: Only part of a ReadProcessMemory or WriteProcessMemory request was completed. (0x12B)
[0411/175819.762:WARNING:pe_image_reader.cc(340)] could not read dos header from C:\WINDOWS\System32\WINTRUST.dll
[0411/175819.762:ERROR:process_memory_win.cc(73)] ReadMemory at 0x7ffc14400000 of 64 bytes failed: Only part of a ReadProcessMemory or WriteProcessMemory request was completed. (0x12B)
[0411/175819.762:WARNING:pe_image_reader.cc(340)] could not read dos header from C:\WINDOWS\System32\MSASN1.dll
[0411/175819.762:ERROR:process_memory_win.cc(73)] ReadMemory at 0x7ffc145a0000 of 64 bytes failed: Only part of a ReadProcessMemory or WriteProcessMemory request was completed. (0x12B)
[0411/175819.762:WARNING:pe_image_reader.cc(340)] could not read dos header from C:\WINDOWS\System32\CRYPT32.dll
[0411/175819.762:ERROR:process_memory_win.cc(73)] ReadMemory at 0x7ffc13900000 of 64 bytes failed: Only part of a ReadProcessMemory or WriteProcessMemory request was completed. (0x12B)
[0411/175819.762:WARNING:pe_image_reader.cc(340)] could not read dos header from C:\WINDOWS\SYSTEM32\IPHLPAPI.DLL
[0411/175819.762:ERROR:process_memory_win.cc(73)] ReadMemory at 0x7ffc110b0000 of 64 bytes failed: Only part of a ReadProcessMemory or WriteProcessMemory request was completed. (0x12B)
[0411/175819.762:WARNING:pe_image_reader.cc(340)] could not read dos header from C:\WINDOWS\SYSTEM32\WINMM.dll
[0411/175819.762:ERROR:process_memory_win.cc(73)] ReadMemory at 0x7ffbf9130000 of 64 bytes failed: Only part of a ReadProcessMemory or WriteProcessMemory request was completed. (0x12B)
[0411/175819.762:WARNING:pe_image_reader.cc(340)] could not read dos header from C:\WINDOWS\SYSTEM32\Secur32.dll
[0411/175819.762:ERROR:process_memory_win.cc(73)] ReadMemory at 0x7ffc142a0000 of 64 bytes failed: Only part of a ReadProcessMemory or WriteProcessMemory request was completed. (0x12B)
[0411/175819.762:WARNING:pe_image_reader.cc(340)] could not read dos header from C:\WINDOWS\SYSTEM32\USERENV.dll
[0411/175819.762:ERROR:process_memory_win.cc(73)] ReadMemory at 0x7ffc14420000 of 64 bytes failed: Only part of a ReadProcessMemory or WriteProcessMemory request was completed. (0x12B)
[0411/175819.762:WARNING:pe_image_reader.cc(340)] could not read dos header from C:\WINDOWS\System32\profapi.dll
[0411/175819.762:ERROR:process_memory_win.cc(73)] ReadMemory at 0x7ffbedb30000 of 64 bytes failed: Only part of a ReadProcessMemory or WriteProcessMemory request was completed. (0x12B)
[0411/175819.762:WARNING:pe_image_reader.cc(340)] could not read dos header from C:\WINDOWS\SYSTEM32\UIAutomationCore.DLL
[0411/175819.762:ERROR:process_memory_win.cc(73)] ReadMemory at 0x7ffbf5e20000 of 64 bytes failed: Only part of a ReadProcessMemory or WriteProcessMemory request was completed. (0x12B)
[0411/175819.762:WARNING:pe_image_reader.cc(340)] could not read dos header from C:\WINDOWS\SYSTEM32\DWrite.dll
[0411/175819.762:ERROR:process_memory_win.cc(73)] ReadMemory at 0x7ffbf8340000 of 64 bytes failed: Only part of a ReadProcessMemory or WriteProcessMemory request was completed. (0x12B)
[0411/175819.762:WARNING:pe_image_reader.cc(340)] could not read dos header from C:\WINDOWS\SYSTEM32\WINSPOOL.DRV
[0411/175819.762:ERROR:process_memory_win.cc(73)] ReadMemory at 0x7ffc14390000 of 64 bytes failed: Only part of a ReadProcessMemory or WriteProcessMemory request was completed. (0x12B)
[0411/175819.762:WARNING:pe_image_reader.cc(340)] could not read dos header from C:\WINDOWS\System32\kernel.appcore.dll
[0411/175819.762:ERROR:process_memory_win.cc(73)] ReadMemory at 0x7ffc14760000 of 64 bytes failed: Only part of a ReadProcessMemory or WriteProcessMemory request was completed. (0x12B)
[0411/175819.762:WARNING:pe_image_reader.cc(340)] could not read dos header from C:\WINDOWS\System32\bcrypt.dll
[0411/175819.762:ERROR:process_memory_win.cc(73)] ReadMemory at 0x7ffc12cc0000 of 64 bytes failed: Only part of a ReadProcessMemory or WriteProcessMemory request was completed. (0x12B)
[0411/175819.762:WARNING:pe_image_reader.cc(340)] could not read dos header from C:\WINDOWS\SYSTEM32\dbghelp.dll
[0411/175819.762:ERROR:process_memory_win.cc(73)] ReadMemory at 0x7ffc07080000 of 64 bytes failed: Only part of a ReadProcessMemory or WriteProcessMemory request was completed. (0x12B)
[0411/175819.762:WARNING:pe_image_reader.cc(340)] could not read dos header from C:\WINDOWS\SYSTEM32\WINHTTP.dll
[0411/175819.762:ERROR:process_memory_win.cc(73)] ReadMemory at 0x7ffc096f0000 of 64 bytes failed: Only part of a ReadProcessMemory or WriteProcessMemory request was completed. (0x12B)
[0411/175819.762:WARNING:pe_image_reader.cc(340)] could not read dos header from C:\WINDOWS\SYSTEM32\dhcpcsvc.DLL
[0411/175819.762:ERROR:process_memory_win.cc(73)] ReadMemory at 0x7ffc15f30000 of 64 bytes failed: Only part of a ReadProcessMemory or WriteProcessMemory request was completed. (0x12B)
[0411/175819.762:WARNING:pe_image_reader.cc(340)] could not read dos header from C:\WINDOWS\System32\NSI.dll
[0411/175819.762:ERROR:process_memory_win.cc(73)] ReadMemory at 0x7ffc109c0000 of 64 bytes failed: Only part of a ReadProcessMemory or WriteProcessMemory request was completed. (0x12B)
[0411/175819.762:WARNING:pe_image_reader.cc(340)] could not read dos header from C:\WINDOWS\SYSTEM32\WINMMBASE.dll
[0411/175819.762:ERROR:process_memory_win.cc(73)] ReadMemory at 0x7ffc146f0000 of 64 bytes failed: Only part of a ReadProcessMemory or WriteProcessMemory request was completed. (0x12B)
[0411/175819.762:WARNING:pe_image_reader.cc(340)] could not read dos header from C:\WINDOWS\System32\cfgmgr32.dll
[0411/175819.762:ERROR:process_memory_win.cc(73)] ReadMemory at 0x7ffc12600000 of 64 bytes failed: Only part of a ReadProcessMemory or WriteProcessMemory request was completed. (0x12B)
[0411/175819.762:WARNING:pe_image_reader.cc(340)] could not read dos header from C:\WINDOWS\SYSTEM32\PROPSYS.dll
[0411/175819.762:ERROR:process_memory_win.cc(73)] ReadMemory at 0x7ffc15730000 of 64 bytes failed: Only part of a ReadProcessMemory or WriteProcessMemory request was completed. (0x12B)
[0411/175819.762:WARNING:pe_image_reader.cc(340)] could not read dos header from C:\WINDOWS\System32\shcore.dll
[0411/175819.762:ERROR:process_memory_win.cc(73)] ReadMemory at 0x7ffc14270000 of 64 bytes failed: Only part of a ReadProcessMemory or WriteProcessMemory request was completed. (0x12B)
[0411/175819.762:WARNING:pe_image_reader.cc(340)] could not read dos header from C:\WINDOWS\SYSTEM32\SSPICLI.DLL
[0411/175819.762:ERROR:process_memory_win.cc(73)] ReadMemory at 0x7ffc13dc0000 of 64 bytes failed: Only part of a ReadProcessMemory or WriteProcessMemory request was completed. (0x12B)
[0411/175819.762:WARNING:pe_image_reader.cc(340)] could not read dos header from C:\WINDOWS\SYSTEM32\CRYPTBASE.DLL
[0411/175819.762:ERROR:process_memory_win.cc(73)] ReadMemory at 0x7ff7fd710000 of 64 bytes failed: Only part of a ReadProcessMemory or WriteProcessMemory request was completed. (0x12B)
[0411/175819.762:WARNING:pe_image_reader.cc(340)] could not read dos header from C:\Program Files (x86)\Google\Chrome\Application\chrome.exe
[0411/175819.762:ERROR:process_memory_win.cc(73)] ReadMemory at 0x7ffc174c0000 of 64 bytes failed: Only part of a ReadProcessMemory or WriteProcessMemory request was completed. (0x12B)
[0411/175819.762:WARNING:pe_image_reader.cc(340)] could not read dos header from C:\WINDOWS\SYSTEM32\ntdll.dll
[0411/175819.762:ERROR:process_memory_win.cc(73)] ReadMemory at 0x7ffc15d60000 of 64 bytes failed: Only part of a ReadProcessMemory or WriteProcessMemory request was completed. (0x12B)
[0411/175819.762:WARNING:pe_image_reader.cc(340)] could not read dos header from C:\WINDOWS\System32\KERNEL32.DLL
[0411/175819.762:ERROR:process_memory_win.cc(73)] ReadMemory at 0x7ffc15210000 of 64 bytes failed: Only part of a ReadProcessMemory or WriteProcessMemory request was completed. (0x12B)
[0411/175819.762:WARNING:pe_image_reader.cc(340)] could not read dos header from C:\WINDOWS\System32\KERNELBASE.dll
[0411/175819.762:ERROR:process_memory_win.cc(73)] ReadMemory at 0x7ffbec460000 of 64 bytes failed: Only part of a ReadProcessMemory or WriteProcessMemory request was completed. (0x12B)
[0411/175819.762:WARNING:pe_image_reader.cc(340)] could not read dos header from C:\Program Files (x86)\Google\Chrome\Application\80.0.3987.163\chrome_elf.dll
[0411/175819.762:ERROR:process_memory_win.cc(73)] ReadMemory at 0x7ffc0c840000 of 64 bytes failed: Only part of a ReadProcessMemory or WriteProcessMemory request was completed. (0x12B)
[0411/175819.762:WARNING:pe_image_reader.cc(340)] could not read dos header from C:\WINDOWS\SYSTEM32\VERSION.dll
[0411/175819.762:ERROR:process_memory_win.cc(73)] ReadMemory at 0x7ffc16790000 of 64 bytes failed: Only part of a ReadProcessMemory or WriteProcessMemory request was completed. (0x12B)
[0411/175819.762:WARNING:pe_image_reader.cc(340)] could not read dos header from C:\WINDOWS\System32\msvcrt.dll
[0411/175819.762:ERROR:process_memory_win.cc(73)] ReadMemory at 0x7ffc154f0000 of 64 bytes failed: Only part of a ReadProcessMemory or WriteProcessMemory request was completed. (0x12B)
[0411/175819.762:WARNING:pe_image_reader.cc(340)] could not read dos header from C:\WINDOWS\System32\bcryptPrimitives.dll
[0411/175819.762:ERROR:process_memory_win.cc(73)] ReadMemory at 0x1a5a9080000 of 64 bytes failed: Only part of a ReadProcessMemory or WriteProcessMemory request was completed. (0x12B)
[0411/175819.762:WARNING:pe_image_reader.cc(340)] could not read dos header from C:\WINDOWS\System32\ADVAPI32.dll
[0411/175819.762:ERROR:process_memory_win.cc(73)] ReadMemory at 0x7ffc16bc0000 of 64 bytes failed: Only part of a ReadProcessMemory or WriteProcessMemory request was completed. (0x12B)
[0411/175819.762:WARNING:pe_image_reader.cc(340)] could not read dos header from C:\WINDOWS\System32\sechost.dll
[0411/175819.762:ERROR:process_memory_win.cc(73)] ReadMemory at 0x7ffc16830000 of 64 bytes failed: Only part of a ReadProcessMemory or WriteProcessMemory request was completed. (0x12B)
[0411/175819.762:WARNING:pe_image_reader.cc(340)] could not read dos header from C:\WINDOWS\System32\RPCRT4.dll
[0411/175819.762:ERROR:process_memory_win.cc(73)] ReadMemory at 0x7ffbc1580000 of 64 bytes failed: Only part of a ReadProcessMemory or WriteProcessMemory request was completed. (0x12B)
[0411/175819.762:WARNING:pe_image_reader.cc(340)] could not read dos header from C:\Program Files (x86)\Google\Chrome\Application\80.0.3987.163\chrome.dll
[0411/175819.762:ERROR:process_memory_win.cc(73)] ReadMemory at 0x7ffc166f0000 of 64 bytes failed: Only part of a ReadProcessMemory or WriteProcessMemory request was completed. (0x12B)
[0411/175819.762:WARNING:pe_image_reader.cc(340)] could not read dos header from C:\WINDOWS\System32\WS2_32.dll
[0411/175819.762:ERROR:process_memory_win.cc(73)] ReadMemory at 0x7ffc16950000 of 64 bytes failed: Only part of a ReadProcessMemory or WriteProcessMemory request was completed. (0x12B)
[0411/175819.762:WARNING:pe_image_reader.cc(340)] could not read dos header from C:\WINDOWS\System32\OLEAUT32.dll
[0411/175819.762:ERROR:process_memory_win.cc(73)] ReadMemory at 0x7ffc14450000 of 64 bytes failed: Only part of a ReadProcessMemory or WriteProcessMemory request was completed. (0x12B)
[0411/175819.762:WARNING:pe_image_reader.cc(340)] could not read dos header from C:\WINDOWS\System32\msvcp_win.dll
[0411/175819.762:ERROR:process_memory_win.cc(73)] ReadMemory at 0x7ffc14790000 of 64 bytes failed: Only part of a ReadProcessMemory or WriteProcessMemory request was completed. (0x12B)
[0411/175819.762:WARNING:pe_image_reader.cc(340)] could not read dos header from C:\WINDOWS\System32\ucrtbase.dll
[0411/175819.762:ERROR:process_memory_win.cc(73)] ReadMemory at 0x7ffc16c60000 of 64 bytes failed: Only part of a ReadProcessMemory or WriteProcessMemory request was completed. (0x12B)
[0411/175819.762:WARNING:pe_image_reader.cc(340)] could not read dos header from C:\WINDOWS\System32\combase.dll
[0411/175819.762:ERROR:process_memory_win.cc(73)] ReadMemory at 0x7ffc151b0000 of 64 bytes failed: Only part of a ReadProcessMemory or WriteProcessMemory request was completed. (0x12B)
[0411/175819.762:WARNING:pe_image_reader.cc(340)] could not read dos header from C:\WINDOWS\System32\WINTRUST.dll
[0411/175819.762:ERROR:process_memory_win.cc(73)] ReadMemory at 0x7ffc14400000 of 64 bytes failed: Only part of a ReadProcessMemory or WriteProcessMemory request was completed. (0x12B)
[0411/175819.762:WARNING:pe_image_reader.cc(340)] could not read dos header from C:\WINDOWS\System32\MSASN1.dll
[0411/175819.762:ERROR:process_memory_win.cc(73)] ReadMemory at 0x7ffc145a0000 of 64 bytes failed: Only part of a ReadProcessMemory or WriteProcessMemory request was completed. (0x12B)
[0411/175819.762:WARNING:pe_image_reader.cc(340)] could not read dos header from C:\WINDOWS\System32\CRYPT32.dll
[0411/175819.762:ERROR:process_memory_win.cc(73)] ReadMemory at 0x7ffc13900000 of 64 bytes failed: Only part of a ReadProcessMemory or WriteProcessMemory request was completed. (0x12B)
[0411/175819.762:WARNING:pe_image_reader.cc(340)] could not read dos header from C:\WINDOWS\SYSTEM32\IPHLPAPI.DLL
[0411/175819.762:ERROR:process_memory_win.cc(73)] ReadMemory at 0x7ffc110b0000 of 64 bytes failed: Only part of a ReadProcessMemory or WriteProcessMemory request was completed. (0x12B)
[0411/175819.762:WARNING:pe_image_reader.cc(340)] could not read dos header from C:\WINDOWS\SYSTEM32\WINMM.dll
[0411/175819.762:ERROR:process_memory_win.cc(73)] ReadMemory at 0x7ffbf9130000 of 64 bytes failed: Only part of a ReadProcessMemory or WriteProcessMemory request was completed. (0x12B)
[0411/175819.762:WARNING:pe_image_reader.cc(340)] could not read dos header from C:\WINDOWS\SYSTEM32\Secur32.dll
[0411/175819.762:ERROR:process_memory_win.cc(73)] ReadMemory at 0x7ffc142a0000 of 64 bytes failed: Only part of a ReadProcessMemory or WriteProcessMemory request was completed. (0x12B)
[0411/175819.762:WARNING:pe_image_reader.cc(340)] could not read dos header from C:\WINDOWS\SYSTEM32\USERENV.dll
[0411/175819.762:ERROR:process_memory_win.cc(73)] ReadMemory at 0x7ffc14420000 of 64 bytes failed: Only part of a ReadProcessMemory or WriteProcessMemory request was completed. (0x12B)
[0411/175819.762:WARNING:pe_image_reader.cc(340)] could not read dos header from C:\WINDOWS\System32\profapi.dll
[0411/175819.762:ERROR:process_memory_win.cc(73)] ReadMemory at 0x7ffbedb30000 of 64 bytes failed: Only part of a ReadProcessMemory or WriteProcessMemory request was completed. (0x12B)
[0411/175819.762:WARNING:pe_image_reader.cc(340)] could not read dos header from C:\WINDOWS\SYSTEM32\UIAutomationCore.DLL
[0411/175819.762:ERROR:process_memory_win.cc(73)] ReadMemory at 0x7ffbf5e20000 of 64 bytes failed: Only part of a ReadProcessMemory or WriteProcessMemory request was completed. (0x12B)
[0411/175819.762:WARNING:pe_image_reader.cc(340)] could not read dos header from C:\WINDOWS\SYSTEM32\DWrite.dll
[0411/175819.762:ERROR:process_memory_win.cc(73)] ReadMemory at 0x7ffbf8340000 of 64 bytes failed: Only part of a ReadProcessMemory or WriteProcessMemory request was completed. (0x12B)
[0411/175819.762:WARNING:pe_image_reader.cc(340)] could not read dos header from C:\WINDOWS\SYSTEM32\WINSPOOL.DRV
[0411/175819.762:ERROR:process_memory_win.cc(73)] ReadMemory at 0x7ffc14390000 of 64 bytes failed: Only part of a ReadProcessMemory or WriteProcessMemory request was completed. (0x12B)
[0411/175819.762:WARNING:pe_image_reader.cc(340)] could not read dos header from C:\WINDOWS\System32\kernel.appcore.dll
[0411/175819.762:ERROR:process_memory_win.cc(73)] ReadMemory at 0x7ffc14760000 of 64 bytes failed: Only part of a ReadProcessMemory or WriteProcessMemory request was completed. (0x12B)
[0411/175819.762:WARNING:pe_image_reader.cc(340)] could not read dos header from C:\WINDOWS\System32\bcrypt.dll
[0411/175819.762:ERROR:process_memory_win.cc(73)] ReadMemory at 0x7ffc12cc0000 of 64 bytes failed: Only part of a ReadProcessMemory or WriteProcessMemory request was completed. (0x12B)
[0411/175819.762:WARNING:pe_image_reader.cc(340)] could not read dos header from C:\WINDOWS\SYSTEM32\dbghelp.dll
[0411/175819.762:ERROR:process_memory_win.cc(73)] ReadMemory at 0x7ffc07080000 of 64 bytes failed: Only part of a ReadProcessMemory or WriteProcessMemory request was completed. (0x12B)
[0411/175819.762:WARNING:pe_image_reader.cc(340)] could not read dos header from C:\WINDOWS\SYSTEM32\WINHTTP.dll
[0411/175819.762:ERROR:process_memory_win.cc(73)] ReadMemory at 0x7ffc096f0000 of 64 bytes failed: Only part of a ReadProcessMemory or WriteProcessMemory request was completed. (0x12B)
[0411/175819.762:WARNING:pe_image_reader.cc(340)] could not read dos header from C:\WINDOWS\SYSTEM32\dhcpcsvc.DLL
[0411/175819.762:ERROR:process_memory_win.cc(73)] ReadMemory at 0x7ffc15f30000 of 64 bytes failed: Only part of a ReadProcessMemory or WriteProcessMemory request was completed. (0x12B)
[0411/175819.762:WARNING:pe_image_reader.cc(340)] could not read dos header from C:\WINDOWS\System32\NSI.dll
[0411/175819.762:ERROR:process_memory_win.cc(73)] ReadMemory at 0x7ffc109c0000 of 64 bytes failed: Only part of a ReadProcessMemory or WriteProcessMemory request was completed. (0x12B)
[0411/175819.762:WARNING:pe_image_reader.cc(340)] could not read dos header from C:\WINDOWS\SYSTEM32\WINMMBASE.dll
[0411/175819.762:ERROR:process_memory_win.cc(73)] ReadMemory at 0x7ffc146f0000 of 64 bytes failed: Only part of a ReadProcessMemory or WriteProcessMemory request was completed. (0x12B)
[0411/175819.762:WARNING:pe_image_reader.cc(340)] could not read dos header from C:\WINDOWS\System32\cfgmgr32.dll
[0411/175819.762:ERROR:process_memory_win.cc(73)] ReadMemory at 0x7ffc12600000 of 64 bytes failed: Only part of a ReadProcessMemory or WriteProcessMemory request was completed. (0x12B)
[0411/175819.762:WARNING:pe_image_reader.cc(340)] could not read dos header from C:\WINDOWS\SYSTEM32\PROPSYS.dll
[0411/175819.762:ERROR:process_memory_win.cc(73)] ReadMemory at 0x7ffc15730000 of 64 bytes failed: Only part of a ReadProcessMemory or WriteProcessMemory request was completed. (0x12B)
[0411/175819.762:WARNING:pe_image_reader.cc(340)] could not read dos header from C:\WINDOWS\System32\shcore.dll
[0411/175819.762:ERROR:process_memory_win.cc(73)] ReadMemory at 0x7ffc14270000 of 64 bytes failed: Only part of a ReadProcessMemory or WriteProcessMemory request was completed. (0x12B)
[0411/175819.762:WARNING:pe_image_reader.cc(340)] could not read dos header from C:\WINDOWS\SYSTEM32\SSPICLI.DLL
[0411/175819.762:ERROR:process_memory_win.cc(73)] ReadMemory at 0x7ffc13dc0000 of 64 bytes failed: Only part of a ReadProcessMemory or WriteProcessMemory request was completed. (0x12B)
[0411/175819.762:WARNING:pe_image_reader.cc(340)] could not read dos header from C:\WINDOWS\SYSTEM32\CRYPTBASE.DLL
[0411/175821.211:ERROR:process_memory_win.cc(73)] ReadMemory at 0x6a7ebf3000 of 53248 bytes failed: Only part of a ReadProcessMemory or WriteProcessMemory request was completed. (0x12B)
[0411/175821.311:ERROR:process_memory_win.cc(73)] ReadMemory at 0x6a7f3fd000 of 12288 bytes failed: Only part of a ReadProcessMemory or WriteProcessMemory request was completed. (0x12B)
[0411/175821.311:ERROR:process_memory_win.cc(73)] ReadMemory at 0x6a007fd000 of 12288 bytes failed: Only part of a ReadProcessMemory or WriteProcessMemory request was completed. (0x12B)
[0411/175821.311:ERROR:process_memory_win.cc(73)] ReadMemory at 0x6a00ffb000 of 20480 bytes failed: Only part of a ReadProcessMemory or WriteProcessMemory request was completed. (0x12B)
[0411/175821.311:ERROR:process_memory_win.cc(73)] ReadMemory at 0x6a017fe000 of 8192 bytes failed: Only part of a ReadProcessMemory or WriteProcessMemory request was completed. (0x12B)
[0411/175821.311:ERROR:process_memory_win.cc(73)] ReadMemory at 0x6a01ffd000 of 12288 bytes failed: Only part of a ReadProcessMemory or WriteProcessMemory request was completed. (0x12B)
[0411/175821.311:ERROR:process_memory_win.cc(73)] ReadMemory at 0x6a027fb000 of 20480 bytes failed: Only part of a ReadProcessMemory or WriteProcessMemory request was completed. (0x12B)
[0411/175821.311:ERROR:process_memory_win.cc(73)] ReadMemory at 0x6a037fd000 of 12288 bytes failed: Only part of a ReadProcessMemory or WriteProcessMemory request was completed. (0x12B)
[0411/175821.311:ERROR:process_memory_win.cc(73)] ReadMemory at 0x6a03ff6000 of 40960 bytes failed: Only part of a ReadProcessMemory or WriteProcessMemory request was completed. (0x12B)
[0411/175821.311:ERROR:process_memory_win.cc(73)] ReadMemory at 0x6a047f6000 of 40960 bytes failed: Only part of a ReadProcessMemory or WriteProcessMemory request was completed. (0x12B)
[0411/175821.311:ERROR:process_memory_win.cc(73)] ReadMemory at 0x6a04ff7000 of 36864 bytes failed: Only part of a ReadProcessMemory or WriteProcessMemory request was completed. (0x12B)
[0411/175821.311:ERROR:process_memory_win.cc(73)] ReadMemory at 0x6a057fa000 of 24576 bytes failed: Only part of a ReadProcessMemory or WriteProcessMemory request was completed. (0x12B)
[0411/175821.311:ERROR:process_memory_win.cc(73)] ReadMemory at 0x6a05ffc000 of 16384 bytes failed: Only part of a ReadProcessMemory or WriteProcessMemory request was completed. (0x12B)
[0411/175821.311:ERROR:process_memory_win.cc(73)] ReadMemory at 0x6a02ffd000 of 12288 bytes failed: Only part of a ReadProcessMemory or WriteProcessMemory request was completed. (0x12B)
[0411/175821.311:ERROR:process_memory_win.cc(73)] ReadMemory at 0x6a067fd000 of 12288 bytes failed: Only part of a ReadProcessMemory or WriteProcessMemory request was completed. (0x12B)
[0411/175821.311:ERROR:process_memory_win.cc(73)] ReadMemory at 0x6a06ffd000 of 12288 bytes failed: Only part of a ReadProcessMemory or WriteProcessMemory request was completed. (0x12B)
[0411/175821.311:ERROR:process_memory_win.cc(73)] ReadMemory at 0x6a077fd000 of 12288 bytes failed: Only part of a ReadProcessMemory or WriteProcessMemory request was completed. (0x12B)
[0411/175821.311:ERROR:process_memory_win.cc(73)] ReadMemory at 0x6a07ffd000 of 12288 bytes failed: Only part of a ReadProcessMemory or WriteProcessMemory request was completed. (0x12B)
[0411/175821.311:ERROR:process_memory_win.cc(73)] ReadMemory at 0x6a087fd000 of 12288 bytes failed: Only part of a ReadProcessMemory or WriteProcessMemory request was completed. (0x12B)
[0411/175821.311:ERROR:process_memory_win.cc(73)] ReadMemory at 0x6a08ffd000 of 12288 bytes failed: Only part of a ReadProcessMemory or WriteProcessMemory request was completed. (0x12B)
[0411/175821.311:ERROR:process_memory_win.cc(73)] ReadMemory at 0x6a097fd000 of 12288 bytes failed: Only part of a ReadProcessMemory or WriteProcessMemory request was completed. (0x12B)
[0411/175821.605:ERROR:process_memory_win.cc(73)] ReadMemory at 0x6a7e20c000 of 6024 bytes failed: Only part of a ReadProcessMemory or WriteProcessMemory request was completed. (0x12B)
[0411/175822.015:ERROR:process_memory_win.cc(73)] ReadMemory at 0x6a7e218000 of 6024 bytes failed: Only part of a ReadProcessMemory or WriteProcessMemory request was completed. (0x12B)
[0411/175822.015:ERROR:process_memory_win.cc(73)] ReadMemory at 0x6a7e21a000 of 6024 bytes failed: Only part of a ReadProcessMemory or WriteProcessMemory request was completed. (0x12B)
[0411/175822.015:ERROR:process_memory_win.cc(73)] ReadMemory at 0x6a7e21c000 of 6024 bytes failed: Only part of a ReadProcessMemory or WriteProcessMemory request was completed. (0x12B)
[0411/175822.016:ERROR:process_memory_win.cc(73)] ReadMemory at 0x6a7e21e000 of 6024 bytes failed: Only part of a ReadProcessMemory or WriteProcessMemory request was completed. (0x12B)
[0411/175822.017:ERROR:process_memory_win.cc(73)] ReadMemory at 0x6a7e220000 of 6024 bytes failed: Only part of a ReadProcessMemory or WriteProcessMemory request was completed. (0x12B)
[0411/175822.017:ERROR:process_memory_win.cc(73)] ReadMemory at 0x6a7e222000 of 6024 bytes failed: Only part of a ReadProcessMemory or WriteProcessMemory request was completed. (0x12B)
[0411/175822.017:ERROR:process_memory_win.cc(73)] ReadMemory at 0x6a7e390000 of 852 bytes failed: Only part of a ReadProcessMemory or WriteProcessMemory request was completed. (0x12B)
[0411/175822.018:ERROR:process_memory_win.cc(73)] ReadMemory at 0x6a7e391000 of 6024 bytes failed: Only part of a ReadProcessMemory or WriteProcessMemory request was completed. (0x12B)
[0411/175822.018:ERROR:process_memory_win.cc(73)] ReadMemory at 0x6a7e393000 of 6024 bytes failed: Only part of a ReadProcessMemory or WriteProcessMemory request was completed. (0x12B)
[0411/175822.018:ERROR:process_memory_win.cc(73)] ReadMemory at 0x6a7e397000 of 6024 bytes failed: Only part of a ReadProcessMemory or WriteProcessMemory request was completed. (0x12B)
[0411/175822.019:ERROR:process_memory_win.cc(73)] ReadMemory at 0x6a7e399000 of 6024 bytes failed: Only part of a ReadProcessMemory or WriteProcessMemory request was completed. (0x12B)
[0411/175822.019:ERROR:process_memory_win.cc(73)] ReadMemory at 0x6a7e39b000 of 6024 bytes failed: Only part of a ReadProcessMemory or WriteProcessMemory request was completed. (0x12B)
[0411/175822.019:ERROR:process_memory_win.cc(73)] ReadMemory at 0x6a7e39d000 of 6024 bytes failed: Only part of a ReadProcessMemory or WriteProcessMemory request was completed. (0x12B)
[0411/175822.019:ERROR:process_memory_win.cc(73)] ReadMemory at 0x6a7e39f000 of 6024 bytes failed: Only part of a ReadProcessMemory or WriteProcessMemory request was completed. (0x12B)
[0411/175822.020:ERROR:process_memory_win.cc(73)] ReadMemory at 0x6a7e3a3000 of 6024 bytes failed: Only part of a ReadProcessMemory or WriteProcessMemory request was completed. (0x12B)
[0411/175822.020:ERROR:process_memory_win.cc(73)] ReadMemory at 0x6a7e3a5000 of 6024 bytes failed: Only part of a ReadProcessMemory or WriteProcessMemory request was completed. (0x12B)
[0411/175822.020:ERROR:process_memory_win.cc(73)] ReadMemory at 0x6a7e3a7000 of 6024 bytes failed: Only part of a ReadProcessMemory or WriteProcessMemory request was completed. (0x12B)
[0411/175822.020:ERROR:process_memory_win.cc(73)] ReadMemory at 0x6a7e3a9000 of 6024 bytes failed: Only part of a ReadProcessMemory or WriteProcessMemory request was completed. (0x12B)
[0411/175822.020:ERROR:process_memory_win.cc(73)] ReadMemory at 0x6a7e3ab000 of 6024 bytes failed: Only part of a ReadProcessMemory or WriteProcessMemory request was completed. (0x12B)
[0411/175822.020:ERROR:process_memory_win.cc(73)] ReadMemory at 0x6a7e3ad000 of 6024 bytes failed: Only part of a ReadProcessMemory or WriteProcessMemory request was completed. (0x12B)
[0411/175822.021:ERROR:process_memory_win.cc(73)] ReadMemory at 0x6a7e3bb000 of 6024 bytes failed: Only part of a ReadProcessMemory or WriteProcessMemory request was completed. (0x12B)
[0411/175822.021:ERROR:process_memory_win.cc(73)] ReadMemory at 0x1a5a8eb0fe0 of 5128 bytes failed: Only part of a ReadProcessMemory or WriteProcessMemory request was completed. (0x12B)
[0411/175822.021:ERROR:process_memory_win.cc(73)] ReadMemory at 0x1a5a8eb23f0 of 1012 bytes failed: Only part of a ReadProcessMemory or WriteProcessMemory request was completed. (0x12B)
[0411/175822.021:ERROR:process_memory_win.cc(73)] ReadMemory at 0x1a5a8eb2a38 of 118 bytes failed: Only part of a ReadProcessMemory or WriteProcessMemory request was completed. (0x12B)
[0411/175822.022:ERROR:process_memory_win.cc(73)] ReadMemory at 0x1a5a8eb2ab0 of 758 bytes failed: Only part of a ReadProcessMemory or WriteProcessMemory request was completed. (0x12B)
[0411/175822.238:ERROR:process_memory_win.cc(73)] ReadMemory at 0x1a5a8eb2da8 of 118 bytes failed: Only part of a ReadProcessMemory or WriteProcessMemory request was completed. (0x12B)
[0411/175822.238:ERROR:process_memory_win.cc(73)] ReadMemory at 0x1a5a8eb2e20 of 98 bytes failed: Only part of a ReadProcessMemory or WriteProcessMemory request was completed. (0x12B)
[0411/175822.249:ERROR:process_memory_win.cc(73)] ReadMemory at 0x1a5a8eb2e90 of 58 bytes failed: Only part of a ReadProcessMemory or WriteProcessMemory request was completed. (0x12B)
[0411/175822.249:ERROR:process_memory_win.cc(73)] ReadMemory at 0x1a5a8eb2f90 of 132 bytes failed: Only part of a ReadProcessMemory or WriteProcessMemory request was completed. (0x12B)
[0411/175822.249:ERROR:process_memory_win.cc(73)] ReadMemory at 0x1a5a8eb3120 of 132 bytes failed: Only part of a ReadProcessMemory or WriteProcessMemory request was completed. (0x12B)
[0411/175822.250:ERROR:process_memory_win.cc(73)] ReadMemory at 0x1a5a8eb32e0 of 126 bytes failed: Only part of a ReadProcessMemory or WriteProcessMemory request was completed. (0x12B)
[0411/175822.250:ERROR:process_memory_win.cc(73)] ReadMemory at 0x1a5a8eb36c0 of 132 bytes failed: Only part of a ReadProcessMemory or WriteProcessMemory request was completed. (0x12B)
[0411/175822.250:ERROR:process_memory_win.cc(73)] ReadMemory at 0x1a5a8eb3850 of 64 bytes failed: Only part of a ReadProcessMemory or WriteProcessMemory request was completed. (0x12B)
[0411/175822.251:ERROR:process_memory_win.cc(73)] ReadMemory at 0x1a5a8eb38a0 of 132 bytes failed: Only part of a ReadProcessMemory or WriteProcessMemory request was completed. (0x12B)
[0411/175822.252:ERROR:process_memory_win.cc(73)] ReadMemory at 0x1a5a8eb3cb0 of 132 bytes failed: Only part of a ReadProcessMemory or WriteProcessMemory request was completed. (0x12B)
[0411/175822.252:ERROR:process_memory_win.cc(73)] ReadMemory at 0x1a5a8eb3e40 of 68 bytes failed: Only part of a ReadProcessMemory or WriteProcessMemory request was completed. (0x12B)
[0411/175822.252:ERROR:process_memory_win.cc(73)] ReadMemory at 0x1a5a8eb4e30 of 132 bytes failed: Only part of a ReadProcessMemory or WriteProcessMemory request was completed. (0x12B)
[0411/175822.252:ERROR:process_memory_win.cc(73)] ReadMemory at 0x1a5a8eb4fd0 of 132 bytes failed: Only part of a ReadProcessMemory or WriteProcessMemory request was completed. (0x12B)
[0411/175822.253:ERROR:process_memory_win.cc(73)] ReadMemory at 0x1a5a8eb5100 of 154 bytes failed: Only part of a ReadProcessMemory or WriteProcessMemory request was completed. (0x12B)
[0411/175822.253:ERROR:process_memory_win.cc(73)] ReadMemory at 0x1a5a8eb5e70 of 62 bytes failed: Only part of a ReadProcessMemory or WriteProcessMemory request was completed. (0x12B)
[0411/175822.253:ERROR:process_memory_win.cc(73)] ReadMemory at 0x1a5a8eb5ef0 of 146 bytes failed: Only part of a ReadProcessMemory or WriteProcessMemory request was completed. (0x12B)
[0411/175822.253:ERROR:process_memory_win.cc(73)] ReadMemory at 0x1a5a8eb5fd0 of 132 bytes failed: Only part of a ReadProcessMemory or WriteProcessMemory request was completed. (0x12B)
[0411/175822.304:ERROR:process_memory_win.cc(73)] ReadMemory at 0x1a5a8eb6160 of 60 bytes failed: Only part of a ReadProcessMemory or WriteProcessMemory request was completed. (0x12B)
[0411/175822.317:ERROR:process_memory_win.cc(73)] ReadMemory at 0x1a5a8eba130 of 132 bytes failed: Only part of a ReadProcessMemory or WriteProcessMemory request was completed. (0x12B)
[0411/175822.317:ERROR:process_memory_win.cc(73)] ReadMemory at 0x1a5a8eba260 of 132 bytes failed: Only part of a ReadProcessMemory or WriteProcessMemory request was completed. (0x12B)
[0411/175822.318:ERROR:process_memory_win.cc(73)] ReadMemory at 0x1a5a8eba3f0 of 80 bytes failed: Only part of a ReadProcessMemory or WriteProcessMemory request was completed. (0x12B)
[0411/175822.318:ERROR:process_memory_win.cc(73)] ReadMemory at 0x1a5a8eba630 of 64 bytes failed: Only part of a ReadProcessMemory or WriteProcessMemory request was completed. (0x12B)
[0411/175822.319:ERROR:process_memory_win.cc(73)] ReadMemory at 0x1a5a8eba680 of 62 bytes failed: Only part of a ReadProcessMemory or WriteProcessMemory request was completed. (0x12B)
[0411/175822.319:ERROR:process_memory_win.cc(73)] ReadMemory at 0x1a5a8eba8b0 of 60 bytes failed: Only part of a ReadProcessMemory or WriteProcessMemory request was completed. (0x12B)
[0411/175822.320:ERROR:process_memory_win.cc(73)] ReadMemory at 0x1a5a8eba900 of 64 bytes failed: Only part of a ReadProcessMemory or WriteProcessMemory request was completed. (0x12B)
[0411/175822.320:ERROR:process_memory_win.cc(73)] ReadMemory at 0x1a5a8eba950 of 66 bytes failed: Only part of a ReadProcessMemory or WriteProcessMemory request was completed. (0x12B)
[0411/175822.321:ERROR:process_memory_win.cc(73)] ReadMemory at 0x1a5a8eba9a0 of 64 bytes failed: Only part of a ReadProcessMemory or WriteProcessMemory request was completed. (0x12B)
[0411/175822.321:ERROR:process_memory_win.cc(73)] ReadMemory at 0x1a5a8eba9f0 of 62 bytes failed: Only part of a ReadProcessMemory or WriteProcessMemory request was completed. (0x12B)
[0411/175822.343:ERROR:process_memory_win.cc(73)] ReadMemory at 0x1a5a8ebaae0 of 64 bytes failed: Only part of a ReadProcessMemory or WriteProcessMemory request was completed. (0x12B)
[0411/175822.344:ERROR:process_memory_win.cc(73)] ReadMemory at 0x1a5a8ebab30 of 60 bytes failed: Only part of a ReadProcessMemory or WriteProcessMemory request was completed. (0x12B)
[0411/175822.344:ERROR:process_memory_win.cc(73)] ReadMemory at 0x1a5a8ebb1a0 of 132 bytes failed: Only part of a ReadProcessMemory or WriteProcessMemory request was completed. (0x12B)
[0411/175822.344:ERROR:process_memory_win.cc(73)] ReadMemory at 0x1a5a8ebb2d0 of 132 bytes failed: Only part of a ReadProcessMemory or WriteProcessMemory request was completed. (0x12B)
[0411/175822.345:ERROR:process_memory_win.cc(73)] ReadMemory at 0x1a5a8ebb400 of 132 bytes failed: Only part of a ReadProcessMemory or WriteProcessMemory request was completed. (0x12B)
[0411/175822.345:ERROR:process_memory_win.cc(73)] ReadMemory at 0x1a5a8ebb530 of 132 bytes failed: Only part of a ReadProcessMemory or WriteProcessMemory request was completed. (0x12B)
[0411/175822.345:ERROR:process_memory_win.cc(73)] ReadMemory at 0x1a5a8ebb660 of 132 bytes failed: Only part of a ReadProcessMemory or WriteProcessMemory request was completed. (0x12B)
[0411/175822.345:ERROR:process_memory_win.cc(73)] ReadMemory at 0x1a5a8ebb790 of 132 bytes failed: Only part of a ReadProcessMemory or WriteProcessMemory request was completed. (0x12B)
[0411/175822.346:ERROR:process_memory_win.cc(73)] ReadMemory at 0x1a5a8ebb8c0 of 132 bytes failed: Only part of a ReadProcessMemory or WriteProcessMemory request was completed. (0x12B)
[0411/175822.346:ERROR:process_memory_win.cc(73)] ReadMemory at 0x1a5a8ebb9f0 of 132 bytes failed: Only part of a ReadProcessMemory or WriteProcessMemory request was completed. (0x12B)
[0411/175822.346:ERROR:process_memory_win.cc(73)] ReadMemory at 0x1a5a8ebbb20 of 132 bytes failed: Only part of a ReadProcessMemory or WriteProcessMemory request was completed. (0x12B)
[0411/175822.346:ERROR:process_memory_win.cc(73)] ReadMemory at 0x1a5a8ebbc50 of 132 bytes failed: Only part of a ReadProcessMemory or WriteProcessMemory request was completed. (0x12B)
[0411/175822.347:ERROR:process_memory_win.cc(73)] ReadMemory at 0x1a5a8ebbd80 of 132 bytes failed: Only part of a ReadProcessMemory or WriteProcessMemory request was completed. (0x12B)
[0411/175822.347:ERROR:process_memory_win.cc(73)] ReadMemory at 0x1a5a8ebbfe0 of 132 bytes failed: Only part of a ReadProcessMemory or WriteProcessMemory request was completed. (0x12B)
[0411/175822.347:ERROR:process_memory_win.cc(73)] ReadMemory at 0x1a5a8ebd940 of 54 bytes failed: Only part of a ReadProcessMemory or WriteProcessMemory request was completed. (0x12B)
[0411/175822.347:ERROR:process_memory_win.cc(73)] ReadMemory at 0x1a5a8ebf480 of 132 bytes failed: Only part of a ReadProcessMemory or WriteProcessMemory request was completed. (0x12B)
[0411/175822.347:ERROR:process_memory_win.cc(73)] ReadMemory at 0x1a5a8ebf7e0 of 132 bytes failed: Only part of a ReadProcessMemory or WriteProcessMemory request was completed. (0x12B)
[0411/175822.348:ERROR:process_memory_win.cc(73)] ReadMemory at 0x1a5a8ebf9f0 of 132 bytes failed: Only part of a ReadProcessMemory or WriteProcessMemory request was completed. (0x12B)
[0411/175822.349:ERROR:process_memory_win.cc(73)] ReadMemory at 0x1a5a8ec03c0 of 132 bytes failed: Only part of a ReadProcessMemory or WriteProcessMemory request was completed. (0x12B)
[0411/175822.349:ERROR:process_memory_win.cc(73)] ReadMemory at 0x1a5a8ec1bc0 of 132 bytes failed: Only part of a ReadProcessMemory or WriteProcessMemory request was completed. (0x12B)
[0411/175822.349:ERROR:process_memory_win.cc(73)] ReadMemory at 0x1a5a8ec1f10 of 132 bytes failed: Only part of a ReadProcessMemory or WriteProcessMemory request was completed. (0x12B)
[0411/175822.349:ERROR:process_memory_win.cc(73)] ReadMemory at 0x1a5a8ec2040 of 132 bytes failed: Only part of a ReadProcessMemory or WriteProcessMemory request was completed. (0x12B)
[0411/175822.349:ERROR:process_memory_win.cc(73)] ReadMemory at 0x1a5a8ec50f0 of 80 bytes failed: Only part of a ReadProcessMemory or WriteProcessMemory request was completed. (0x12B)
[0411/175822.350:ERROR:process_memory_win.cc(73)] ReadMemory at 0x1a5a8ec5390 of 76 bytes failed: Only part of a ReadProcessMemory or WriteProcessMemory request was completed. (0x12B)
[0411/175822.350:ERROR:process_memory_win.cc(73)] ReadMemory at 0x1a5a8ec5b00 of 62 bytes failed: Only part of a ReadProcessMemory or WriteProcessMemory request was completed. (0x12B)
[0411/175822.350:ERROR:process_memory_win.cc(73)] ReadMemory at 0x1a5a8ec5b50 of 60 bytes failed: Only part of a ReadProcessMemory or WriteProcessMemory request was completed. (0x12B)
[0411/175822.350:ERROR:process_memory_win.cc(73)] ReadMemory at 0x1a5a8ec5ba0 of 62 bytes failed: Only part of a ReadProcessMemory or WriteProcessMemory request was completed. (0x12B)
[0411/175822.350:ERROR:process_memory_win.cc(73)] ReadMemory at 0x1a5a8ec5bf0 of 66 bytes failed: Only part of a ReadProcessMemory or WriteProcessMemory request was completed. (0x12B)
[0411/175822.379:ERROR:process_memory_win.cc(73)] ReadMemory at 0x1a5a8ec5ce0 of 62 bytes failed: Only part of a ReadProcessMemory or WriteProcessMemory request was completed. (0x12B)
[0411/175822.379:ERROR:process_memory_win.cc(73)] ReadMemory at 0x1a5a8ec5fb0 of 62 bytes failed: Only part of a ReadProcessMemory or WriteProcessMemory request was completed. (0x12B)
[0411/175822.379:ERROR:process_memory_win.cc(73)] ReadMemory at 0x1a5a8ec6000 of 62 bytes failed: Only part of a ReadProcessMemory or WriteProcessMemory request was completed. (0x12B)
[0411/175822.393:ERROR:process_memory_win.cc(73)] ReadMemory at 0x1a5a8ec6050 of 60 bytes failed: Only part of a ReadProcessMemory or WriteProcessMemory request was completed. (0x12B)
[0411/175822.393:ERROR:process_memory_win.cc(73)] ReadMemory at 0x1a5a8ec6410 of 64 bytes failed: Only part of a ReadProcessMemory or WriteProcessMemory request was completed. (0x12B)
[0411/175822.394:ERROR:process_memory_win.cc(73)] ReadMemory at 0x1a5a8ec6460 of 64 bytes failed: Only part of a ReadProcessMemory or WriteProcessMemory request was completed. (0x12B)
[0411/175822.394:ERROR:process_memory_win.cc(73)] ReadMemory at 0x1a5a8ec64b0 of 60 bytes failed: Only part of a ReadProcessMemory or WriteProcessMemory request was completed. (0x12B)
[0411/175822.394:ERROR:process_memory_win.cc(73)] ReadMemory at 0x1a5a8ec65f0 of 62 bytes failed: Only part of a ReadProcessMemory or WriteProcessMemory request was completed. (0x12B)
[0411/175822.395:ERROR:process_memory_win.cc(73)] ReadMemory at 0x1a5a8ec6640 of 60 bytes failed: Only part of a ReadProcessMemory or WriteProcessMemory request was completed. (0x12B)
[0411/175822.395:ERROR:process_memory_win.cc(73)] ReadMemory at 0x1a5a8ec6690 of 62 bytes failed: Only part of a ReadProcessMemory or WriteProcessMemory request was completed. (0x12B)
[0411/175822.396:ERROR:process_memory_win.cc(73)] ReadMemory at 0x1a5a8ec66e0 of 62 bytes failed: Only part of a ReadProcessMemory or WriteProcessMemory request was completed. (0x12B)
[0411/175822.726:ERROR:process_memory_win.cc(73)] ReadMemory at 0x1a5a8ec6960 of 64 bytes failed: Only part of a ReadProcessMemory or WriteProcessMemory request was completed. (0x12B)
[0411/175822.726:ERROR:process_memory_win.cc(73)] ReadMemory at 0x1a5a8ec69b0 of 58 bytes failed: Only part of a ReadProcessMemory or WriteProcessMemory request was completed. (0x12B)
[0411/175822.727:ERROR:process_memory_win.cc(73)] ReadMemory at 0x1a5a8ec6a50 of 64 bytes failed: Only part of a ReadProcessMemory or WriteProcessMemory request was completed. (0x12B)
[0411/175822.728:ERROR:process_memory_win.cc(73)] ReadMemory at 0x1a5a8ec7280 of 132 bytes failed: Only part of a ReadProcessMemory or WriteProcessMemory request was completed. (0x12B)
[0411/175822.728:ERROR:process_memory_win.cc(73)] ReadMemory at 0x1a5a8ec74e0 of 132 bytes failed: Only part of a ReadProcessMemory or WriteProcessMemory request was completed. (0x12B)
[0411/175822.728:ERROR:process_memory_win.cc(73)] ReadMemory at 0x1a5a8ec7610 of 132 bytes failed: Only part of a ReadProcessMemory or WriteProcessMemory request was completed. (0x12B)
[0411/175822.729:ERROR:process_memory_win.cc(73)] ReadMemory at 0x1a5a8ec7870 of 132 bytes failed: Only part of a ReadProcessMemory or WriteProcessMemory request was completed. (0x12B)
[0411/175822.729:ERROR:process_memory_win.cc(73)] ReadMemory at 0x1a5a8ec7c00 of 132 bytes failed: Only part of a ReadProcessMemory or WriteProcessMemory request was completed. (0x12B)
[0411/175822.729:ERROR:process_memory_win.cc(73)] ReadMemory at 0x1a5a8ec7d30 of 132 bytes failed: Only part of a ReadProcessMemory or WriteProcessMemory request was completed. (0x12B)
[0411/175822.729:ERROR:process_memory_win.cc(73)] ReadMemory at 0x1a5a8ec7e60 of 132 bytes failed: Only part of a ReadProcessMemory or WriteProcessMemory request was completed. (0x12B)
[0411/175822.730:ERROR:process_memory_win.cc(73)] ReadMemory at 0x1a5a8ec8a40 of 132 bytes failed: Only part of a ReadProcessMemory or WriteProcessMemory request was completed. (0x12B)
[0411/175822.730:ERROR:process_memory_win.cc(73)] ReadMemory at 0x1a5a8ec8b70 of 132 bytes failed: Only part of a ReadProcessMemory or WriteProcessMemory request was completed. (0x12B)
[0411/175822.731:ERROR:process_memory_win.cc(73)] ReadMemory at 0x1a5a8ec8ca0 of 132 bytes failed: Only part of a ReadProcessMemory or WriteProcessMemory request was completed. (0x12B)
[0411/175822.731:ERROR:process_memory_win.cc(73)] ReadMemory at 0x1a5a8ede2f0 of 512 bytes failed: Only part of a ReadProcessMemory or WriteProcessMemory request was completed. (0x12B)
[0411/175822.731:ERROR:process_memory_win.cc(73)] ReadMemory at 0x1a5a8edf090 of 512 bytes failed: Only part of a ReadProcessMemory or WriteProcessMemory request was completed. (0x12B)
[0411/175822.731:ERROR:process_memory_win.cc(73)] ReadMemory at 0x1a5a8edf410 of 512 bytes failed: Only part of a ReadProcessMemory or WriteProcessMemory request was completed. (0x12B)
[0411/175822.732:ERROR:process_memory_win.cc(73)] ReadMemory at 0x1a5a92316a0 of 512 bytes failed: Only part of a ReadProcessMemory or WriteProcessMemory request was completed. (0x12B)
[0411/175822.732:ERROR:process_memory_win.cc(73)] ReadMemory at 0x1a5a9241eb0 of 512 bytes failed: Only part of a ReadProcessMemory or WriteProcessMemory request was completed. (0x12B)
[0411/175822.732:ERROR:process_memory_win.cc(73)] ReadMemory at 0x1a5a926ab00 of 512 bytes failed: Only part of a ReadProcessMemory or WriteProcessMemory request was completed. (0x12B)
[0411/175822.733:ERROR:process_memory_win.cc(73)] ReadMemory at 0x1a5a9276bf8 of 512 bytes failed: Only part of a ReadProcessMemory or WriteProcessMemory request was completed. (0x12B)
[0411/175822.733:ERROR:process_memory_win.cc(73)] ReadMemory at 0x1a5a9277738 of 512 bytes failed: Only part of a ReadProcessMemory or WriteProcessMemory request was completed. (0x12B)
[0411/175822.733:ERROR:process_memory_win.cc(73)] ReadMemory at 0x1a5a9277a98 of 512 bytes failed: Only part of a ReadProcessMemory or WriteProcessMemory request was completed. (0x12B)
[0411/175823.008:ERROR:process_memory_win.cc(73)] ReadMemory at 0x1a5a92785d8 of 800 bytes failed: Only part of a ReadProcessMemory or WriteProcessMemory request was completed. (0x12B)
[0411/175823.019:ERROR:process_memory_win.cc(73)] ReadMemory at 0x1a5a927b140 of 712 bytes failed: Only part of a ReadProcessMemory or WriteProcessMemory request was completed. (0x12B)
[0411/175823.019:ERROR:process_memory_win.cc(73)] ReadMemory at 0x1a5a933ff80 of 512 bytes failed: Only part of a ReadProcessMemory or WriteProcessMemory request was completed. (0x12B)
[0411/175823.019:ERROR:process_memory_win.cc(73)] ReadMemory at 0x1a5ab13dac0 of 512 bytes failed: Only part of a ReadProcessMemory or WriteProcessMemory request was completed. (0x12B)
[0411/175823.020:ERROR:process_memory_win.cc(73)] ReadMemory at 0x1a5ab4e50d0 of 512 bytes failed: Only part of a ReadProcessMemory or WriteProcessMemory request was completed. (0x12B)
[0411/175823.020:ERROR:process_memory_win.cc(73)] ReadMemory at 0x1a5ab4e6c30 of 608 bytes failed: Only part of a ReadProcessMemory or WriteProcessMemory request was completed. (0x12B)
[0411/175823.020:ERROR:process_memory_win.cc(73)] ReadMemory at 0x1a5ab5988d8 of 512 bytes failed: Only part of a ReadProcessMemory or WriteProcessMemory request was completed. (0x12B)
[0411/175823.020:ERROR:process_memory_win.cc(73)] ReadMemory at 0x1a5ab5d0bc0 of 512 bytes failed: Only part of a ReadProcessMemory or WriteProcessMemory request was completed. (0x12B)
[0411/175823.021:ERROR:process_memory_win.cc(73)] ReadMemory at 0x1a5ab6231d0 of 512 bytes failed: Only part of a ReadProcessMemory or WriteProcessMemory request was completed. (0x12B)
[0411/175823.021:ERROR:process_memory_win.cc(73)] ReadMemory at 0x1a5ab6235f0 of 512 bytes failed: Only part of a ReadProcessMemory or WriteProcessMemory request was completed. (0x12B)
[0411/175823.021:ERROR:process_memory_win.cc(73)] ReadMemory at 0x1a5ab624010 of 512 bytes failed: Only part of a ReadProcessMemory or WriteProcessMemory request was completed. (0x12B)
[0411/175823.030:ERROR:process_memory_win.cc(73)] ReadMemory at 0x1a5ab637600 of 512 bytes failed: Only part of a ReadProcessMemory or WriteProcessMemory request was completed. (0x12B)
[0411/175823.474:ERROR:process_memory_win.cc(73)] ReadMemory at 0x1a5ab680c72 of 512 bytes failed: Only part of a ReadProcessMemory or WriteProcessMemory request was completed. (0x12B)
[0411/175823.480:ERROR:process_memory_win.cc(73)] ReadMemory at 0x1a5ab83ac20 of 512 bytes failed: Only part of a ReadProcessMemory or WriteProcessMemory request was completed. (0x12B)
[0411/175823.480:ERROR:process_memory_win.cc(73)] ReadMemory at 0x1a5ab886db0 of 512 bytes failed: Only part of a ReadProcessMemory or WriteProcessMemory request was completed. (0x12B)
[0411/175823.482:ERROR:process_memory_win.cc(73)] ReadMemory at 0x1a5ac880f80 of 928 bytes failed: Only part of a ReadProcessMemory or WriteProcessMemory request was completed. (0x12B)
[0411/175823.482:ERROR:process_memory_win.cc(73)] ReadMemory at 0x1a5aca87850 of 512 bytes failed: Only part of a ReadProcessMemory or WriteProcessMemory request was completed. (0x12B)
[0411/175823.482:ERROR:process_memory_win.cc(73)] ReadMemory at 0x1a5acb9e960 of 520 bytes failed: Only part of a ReadProcessMemory or WriteProcessMemory request was completed. (0x12B)
[0411/175823.501:ERROR:process_memory_win.cc(73)] ReadMemory at 0x1a5c23cd020 of 512 bytes failed: Only part of a ReadProcessMemory or WriteProcessMemory request was completed. (0x12B)
[0411/175823.502:ERROR:process_memory_win.cc(73)] ReadMemory at 0x1a5f361c150 of 512 bytes failed: Only part of a ReadProcessMemory or WriteProcessMemory request was completed. (0x12B)
[0411/175823.502:ERROR:process_memory_win.cc(73)] ReadMemory at 0x280e81b617c0 of 512 bytes failed: Only part of a ReadProcessMemory or WriteProcessMemory request was completed. (0x12B)
[0411/175823.502:ERROR:process_memory_win.cc(73)] ReadMemory at 0x52f7d62c17c0 of 512 bytes failed: Only part of a ReadProcessMemory or WriteProcessMemory request was completed. (0x12B)
[0411/175823.503:ERROR:process_memory_win.cc(73)] ReadMemory at 0x795c08040000 of 384 bytes failed: Only part of a ReadProcessMemory or WriteProcessMemory request was completed. (0x12B)
[0411/175823.503:ERROR:process_memory_win.cc(73)] ReadMemory at 0x795c088963c0 of 512 bytes failed: Only part of a ReadProcessMemory or WriteProcessMemory request was completed. (0x12B)
[0411/175823.503:ERROR:process_memory_win.cc(73)] ReadMemory at 0x795c0cdbff78 of 512 bytes failed: Only part of a ReadProcessMemory or WriteProcessMemory request was completed. (0x12B)
[0411/175823.504:ERROR:process_memory_win.cc(73)] ReadMemory at 0x7ffbc15f7563 of 512 bytes failed: Only part of a ReadProcessMemory or WriteProcessMemory request was completed. (0x12B)
[0411/175823.505:ERROR:process_memory_win.cc(73)] ReadMemory at 0x7ffbc32a1650 of 512 bytes failed: Only part of a ReadProcessMemory or WriteProcessMemory request was completed. (0x12B)
[0411/175823.505:ERROR:process_memory_win.cc(73)] ReadMemory at 0x7ffbc3c44a34 of 512 bytes failed: Only part of a ReadProcessMemory or WriteProcessMemory request was completed. (0x12B)
[0411/175823.506:ERROR:process_memory_win.cc(73)] ReadMemory at 0x7ffbc6ffff80 of 512 bytes failed: Only part of a ReadProcessMemory or WriteProcessMemory request was completed. (0x12B)
[0411/175823.506:ERROR:process_memory_win.cc(73)] ReadMemory at 0x7ffbc77a797f of 512 bytes failed: Only part of a ReadProcessMemory or WriteProcessMemory request was completed. (0x12B)
[0411/175823.507:ERROR:process_memory_win.cc(73)] ReadMemory at 0x7ffbc77a93e9 of 512 bytes failed: Only part of a ReadProcessMemory or WriteProcessMemory request was completed. (0x12B)
[0411/175823.662:ERROR:process_memory_win.cc(73)] ReadMemory at 0x7ffbc7bbe29a of 512 bytes failed: Only part of a ReadProcessMemory or WriteProcessMemory request was completed. (0x12B)
[0411/175823.662:ERROR:process_memory_win.cc(73)] ReadMemory at 0x7ffbc88dfe30 of 512 bytes failed: Only part of a ReadProcessMemory or WriteProcessMemory request was completed. (0x12B)
[0411/175823.662:ERROR:process_memory_win.cc(73)] ReadMemory at 0x7ffc1524a7d9 of 512 bytes failed: Only part of a ReadProcessMemory or WriteProcessMemory request was completed. (0x12B)
[0411/175823.678:ERROR:process_memory_win.cc(73)] ReadMemory at 0x7ffc1755c0c4 of 672 bytes failed: Only part of a ReadProcessMemory or WriteProcessMemory request was completed. (0x12B)
[0411/175823.723:ERROR:process_memory_win.cc(73)] ReadMemory at 0x7ffc1755c6c4 of 512 bytes failed: Only part of a ReadProcessMemory or WriteProcessMemory request was completed. (0x12B)
[0411/175823.727:ERROR:process_memory_win.cc(73)] ReadMemory at 0x7ffc1755f974 of 608 bytes failed: Only part of a ReadProcessMemory or WriteProcessMemory request was completed. (0x12B)
[0411/175823.727:ERROR:process_memory_win.cc(73)] ReadMemory at 0x7ffc175ec428 of 18 bytes failed: Only part of a ReadProcessMemory or WriteProcessMemory request was completed. (0x12B)
[0411/175823.727:ERROR:process_memory_win.cc(73)] ReadMemory at 0x7ffc1761f4f8 of 40 bytes failed: Only part of a ReadProcessMemory or WriteProcessMemory request was completed. (0x12B)
[0411/175823.728:ERROR:process_memory_win.cc(73)] ReadMemory at 0x7ffc1761f978 of 48 bytes failed: Only part of a ReadProcessMemory or WriteProcessMemory request was completed. (0x12B)
[0411/175823.728:ERROR:process_memory_win.cc(73)] ReadMemory at 0x7ffc176253c0 of 64 bytes failed: Only part of a ReadProcessMemory or WriteProcessMemory request was completed. (0x12B)
[0411/175823.825:ERROR:scoped_process_suspend.cc(40)] NtResumeProcess: An attempt was made to access an exiting process. (0xc000010a)
